0 info it worked if it ends with ok
1 verbose cli [ 'D:\\Nodejs\\node.exe',
1 verbose cli   'D:\\Nodejs\\node_modules\\npm\\bin\\npm-cli.js',
1 verbose cli   'run',
1 verbose cli   'dev' ]
2 info using npm@3.10.10
3 info using node@v6.11.0
4 verbose run-script [ 'predev', 'dev', 'postdev' ]
5 info lifecycle vue2.0-mobileSystem@1.0.0~predev: vue2.0-mobileSystem@1.0.0
6 silly lifecycle vue2.0-mobileSystem@1.0.0~predev: no script for predev, continuing
7 info lifecycle vue2.0-mobileSystem@1.0.0~dev: vue2.0-mobileSystem@1.0.0
8 verbose lifecycle vue2.0-mobileSystem@1.0.0~dev: unsafe-perm in lifecycle true
9 verbose lifecycle vue2.0-mobileSystem@1.0.0~dev: PATH: D:\Nodejs\node_modules\npm\bin\node-gyp-bin;E:\课余练习\elm\vue2.x-mobileSystem\node_modules\.bin;D:\Python\;D:\Python\Scripts;C:\Windows\system32;C:\Windows;C:\Windows\System32\Wbem;C:\Windows\System32\WindowsPowerShell\v1.0\;C:\Program Files\Git\cmd;D:\Nodejs\;D:\Program Files (x86)\Microsoft SQL Server\100\Tools\Binn\;D:\Program Files\Microsoft SQL Server\100\Tools\Binn\;D:\Program Files\Microsoft SQL Server\100\DTS\Binn\;D:\Program Files (x86)\Microsoft SQL Server\100\Tools\Binn\VSShell\Common7\IDE\;D:\Program Files (x86)\Microsoft SQL Server\100\DTS\Binn\;C:\Users\Administrator\AppData\Roaming\npm;C:\Program Files\Java\jdk1.8.0_121\bin;C:\Program Files\Java\jdk1.8.0_121\jre\bin;C:\Program Files (x86)\Android\android-sdk\tools;C:\Program Files (x86)\Android\android-sdk\platform-tools;D:\Bandizip\
10 verbose lifecycle vue2.0-mobileSystem@1.0.0~dev: CWD: E:\课余练习\elm\vue2.x-mobileSystem
11 silly lifecycle vue2.0-mobileSystem@1.0.0~dev: Args: [ '/d /s /c', 'webpack-dev-server --inline --hot --open' ]
12 silly lifecycle vue2.0-mobileSystem@1.0.0~dev: Returned: code: 3221225786  signal: null
13 info lifecycle vue2.0-mobileSystem@1.0.0~dev: Failed to exec dev script
14 verbose stack Error: vue2.0-mobileSystem@1.0.0 dev: `webpack-dev-server --inline --hot --open`
14 verbose stack Exit status 3221225786
14 verbose stack     at EventEmitter.<anonymous> (D:\Nodejs\node_modules\npm\lib\utils\lifecycle.js:255:16)
14 verbose stack     at emitTwo (events.js:106:13)
14 verbose stack     at EventEmitter.emit (events.js:191:7)
14 verbose stack     at ChildProcess.<anonymous> (D:\Nodejs\node_modules\npm\lib\utils\spawn.js:40:14)
14 verbose stack     at emitTwo (events.js:106:13)
14 verbose stack     at ChildProcess.emit (events.js:191:7)
14 verbose stack     at maybeClose (internal/child_process.js:891:16)
14 verbose stack     at Process.ChildProcess._handle.onexit (internal/child_process.js:226:5)
15 verbose pkgid vue2.0-mobileSystem@1.0.0
16 verbose cwd E:\课余练习\elm\vue2.x-mobileSystem
17 error Windows_NT 6.1.7601
18 error argv "D:\\Nodejs\\node.exe" "D:\\Nodejs\\node_modules\\npm\\bin\\npm-cli.js" "run" "dev"
19 error node v6.11.0
20 error npm  v3.10.10
21 error code ELIFECYCLE
22 error vue2.0-mobileSystem@1.0.0 dev: `webpack-dev-server --inline --hot --open`
22 error Exit status 3221225786
23 error Failed at the vue2.0-mobileSystem@1.0.0 dev script 'webpack-dev-server --inline --hot --open'.
23 error Make sure you have the latest version of node.js and npm installed.
23 error If you do, this is most likely a problem with the vue2.0-mobileSystem package,
23 error not with npm itself.
23 error Tell the author that this fails on your system:
23 error     webpack-dev-server --inline --hot --open
23 error You can get information on how to open an issue for this project with:
23 error     npm bugs vue2.0-mobileSystem
23 error Or if that isn't available, you can get their info via:
23 error     npm owner ls vue2.0-mobileSystem
23 error There is likely additional logging output above.
24 verbose exit [ 1, true ]
